2025-06-16 15:02:17,480 - chimeric_detective - INFO - Starting Chimeric Detective v1.0.0
2025-06-16 15:02:17,481 - chimeric_detective - INFO - Command: /ref/sahlab/software/miniforge3/envs/ccd_env/bin/chimeric_detective -a test_data_large/large_test_assembly.fasta --reads-dir test_data_large/reads --reads-pattern *_R{1,2}.fastq.gz --log-level DEBUG -o demo_results/
2025-06-16 15:02:17,518 - chimeric_detective - WARNING - Missing optional tools: bwa
2025-06-16 15:02:17,520 - chimeric_detective - WARNING - Some functionality may be limited
2025-06-16 15:02:17,521 - chimeric_detective - INFO - 🔬 Starting multi-sample analysis
2025-06-16 15:02:17,522 - chimeric_detective - INFO - Processing mode: coassembly
2025-06-16 15:02:17,523 - chimeric_detective - INFO - Max workers: 4
2025-06-16 15:02:17,524 - chimeric_detective - INFO - Processing samples from directory: test_data_large/reads
2025-06-16 15:02:17,525 - chimeric_detective - INFO - Using pattern: *_R{1,2}.fastq.gz
2025-06-16 15:02:17,526 - chimeric_detective - INFO - Processing mode: coassembly
2025-06-16 15:02:17,530 - chimeric_detective - INFO - Found 8 samples
2025-06-16 15:02:17,531 - chimeric_detective - INFO - Processing co-assembly with 8 samples
2025-06-16 15:02:17,533 - chimeric_detective - INFO - Mapping all samples to co-assembly
2025-06-16 15:02:17,535 - chimeric_detective - INFO - Running chimera detection for each sample
2025-06-16 15:02:17,539 - chimeric_detective - INFO - Starting chimera detection
2025-06-16 15:02:17,569 - chimeric_detective - INFO - Loaded 28 contigs from assembly
2025-06-16 15:02:17,570 - chimeric_detective - INFO - Aligning reads to assembly
2025-06-16 15:02:17,902 - chimeric_detective - INFO - Successfully aligned reads using minimap2
2025-06-16 15:02:19,689 - chimeric_detective - INFO - Detected 15 chimera candidates
2025-06-16 15:02:19,692 - chimeric_detective - INFO - Starting chimera detection
2025-06-16 15:02:19,698 - chimeric_detective - INFO - Loaded 28 contigs from assembly
2025-06-16 15:02:19,700 - chimeric_detective - INFO - Aligning reads to assembly
2025-06-16 15:02:20,027 - chimeric_detective - INFO - Successfully aligned reads using minimap2
2025-06-16 15:02:21,466 - chimeric_detective - INFO - Detected 15 chimera candidates
2025-06-16 15:02:21,468 - chimeric_detective - INFO - Starting chimera detection
2025-06-16 15:02:21,472 - chimeric_detective - INFO - Loaded 28 contigs from assembly
2025-06-16 15:02:21,473 - chimeric_detective - INFO - Aligning reads to assembly
2025-06-16 15:02:21,786 - chimeric_detective - INFO - Successfully aligned reads using minimap2
2025-06-16 15:02:23,444 - chimeric_detective - INFO - Detected 15 chimera candidates
2025-06-16 15:02:23,446 - chimeric_detective - INFO - Starting chimera detection
2025-06-16 15:02:23,451 - chimeric_detective - INFO - Loaded 28 contigs from assembly
2025-06-16 15:02:23,454 - chimeric_detective - INFO - Aligning reads to assembly
2025-06-16 15:02:23,825 - chimeric_detective - INFO - Successfully aligned reads using minimap2
2025-06-16 15:02:25,290 - chimeric_detective - INFO - Detected 15 chimera candidates
2025-06-16 15:02:25,292 - chimeric_detective - INFO - Starting chimera detection
2025-06-16 15:02:25,295 - chimeric_detective - INFO - Loaded 28 contigs from assembly
2025-06-16 15:02:25,296 - chimeric_detective - INFO - Aligning reads to assembly
2025-06-16 15:02:25,645 - chimeric_detective - INFO - Successfully aligned reads using minimap2
2025-06-16 15:02:27,363 - chimeric_detective - INFO - Detected 15 chimera candidates
2025-06-16 15:02:27,365 - chimeric_detective - INFO - Starting chimera detection
2025-06-16 15:02:27,368 - chimeric_detective - INFO - Loaded 28 contigs from assembly
2025-06-16 15:02:27,369 - chimeric_detective - INFO - Aligning reads to assembly
2025-06-16 15:02:27,689 - chimeric_detective - INFO - Successfully aligned reads using minimap2
2025-06-16 15:02:29,081 - chimeric_detective - INFO - Detected 15 chimera candidates
2025-06-16 15:02:29,083 - chimeric_detective - INFO - Starting chimera detection
2025-06-16 15:02:29,086 - chimeric_detective - INFO - Loaded 28 contigs from assembly
2025-06-16 15:02:29,087 - chimeric_detective - INFO - Aligning reads to assembly
2025-06-16 15:02:29,626 - chimeric_detective - INFO - Successfully aligned reads using minimap2
2025-06-16 15:02:31,986 - chimeric_detective - INFO - Detected 15 chimera candidates
2025-06-16 15:02:31,989 - chimeric_detective - INFO - Starting chimera detection
2025-06-16 15:02:31,992 - chimeric_detective - INFO - Loaded 28 contigs from assembly
2025-06-16 15:02:31,993 - chimeric_detective - INFO - Aligning reads to assembly
2025-06-16 15:02:32,498 - chimeric_detective - INFO - Successfully aligned reads using minimap2
2025-06-16 15:02:34,246 - chimeric_detective - INFO - Detected 15 chimera candidates
2025-06-16 15:02:34,250 - chimeric_detective - INFO - Aggregating chimera candidates across samples
2025-06-16 15:02:34,252 - chimeric_detective - INFO - Detected 15 aggregated chimera candidates
2025-06-16 15:02:34,253 - chimeric_detective - INFO - Analyzing 15 chimera candidates
2025-06-16 15:02:34,254 - chimeric_detective - INFO - Analyzing 15 chimera candidates
2025-06-16 15:02:34,540 - chimeric_detective - INFO - Completed analysis of 15 chimeras
2025-06-16 15:02:34,541 - chimeric_detective - INFO - Resolving 15 chimera analyses
2025-06-16 15:02:34,542 - chimeric_detective - INFO - Resolving 15 chimera analyses
2025-06-16 15:02:34,777 - chimeric_detective - INFO - Resolution complete. 0 contigs split, 5 preserved
2025-06-16 15:02:34,778 - chimeric_detective - INFO - Creating interactive HTML report
2025-06-16 15:02:34,779 - chimeric_detective - INFO - Creating interactive HTML report
2025-06-16 15:02:47,121 - chimeric_detective - INFO - Report generated: demo_results/chimeric_detective_report.html
2025-06-16 15:02:47,506 - chimeric_detective - INFO - Co-assembly analysis completed successfully!
2025-06-16 15:02:47,513 - chimeric_detective - INFO - Analysis completed successfully!
